0 info it worked if it ends with ok
1 verbose cli [ '/usr/local/Cellar/node/6.2.1/bin/node',
1 verbose cli   '/usr/local/bin/npm',
1 verbose cli   'install',
1 verbose cli   '-g',
1 verbose cli   'cnpm',
1 verbose cli   '–registry=https://registry.npm.taobao.org' ]
2 info using npm@3.9.3
3 info using node@v6.2.1
4 warn invalid config https-proxy=""
5 warn invalid config Must be a full url with 'http://'
6 silly loadCurrentTree Starting
7 silly install loadCurrentTree
8 silly install readGlobalPackageData
9 silly fetchPackageMetaData cnpm
10 silly fetchPackageMetaData –registry=https://registry.npm.taobao.org
11 silly fetchNamedPackageData cnpm
12 silly mapToRegistry name cnpm
13 silly mapToRegistry using default registry
14 silly mapToRegistry registry https://registry.npm.taobao.org/
15 silly mapToRegistry data Result {
15 silly mapToRegistry   raw: 'cnpm',
15 silly mapToRegistry   scope: null,
15 silly mapToRegistry   name: 'cnpm',
15 silly mapToRegistry   rawSpec: '',
15 silly mapToRegistry   spec: 'latest',
15 silly mapToRegistry   type: 'tag' }
16 silly mapToRegistry uri https://registry.npm.taobao.org/cnpm
17 silly fetchOtherPackageData –registry=https://registry.npm.taobao.org
18 silly cache add args [ '–registry=https://registry.npm.taobao.org', null ]
19 verbose cache add spec –registry=https://registry.npm.taobao.org
20 silly cache add parsed spec Result {
20 silly cache add   raw: '–registry=https://registry.npm.taobao.org',
20 silly cache add   scope: null,
20 silly cache add   name: null,
20 silly cache add   rawSpec: '–registry=https://registry.npm.taobao.org',
20 silly cache add   spec: '/Users/willas/Src/toy/gws/app/pac/–registry=https:/registry.npm.taobao.org',
20 silly cache add   type: 'local' }
21 error addLocal Could not install /Users/willas/Src/toy/gws/app/pac/–registry=https:/registry.npm.taobao.org
22 silly fetchPackageMetaData Error: ENOENT: no such file or directory, open '/Users/willas/Src/toy/gws/app/pac/–registry=https:/registry.npm.taobao.org'
22 silly fetchPackageMetaData     at Error (native)
22 silly fetchPackageMetaData  error for –registry=https://registry.npm.taobao.org { Error: ENOENT: no such file or directory, open '/Users/willas/Src/toy/gws/app/pac/–registry=https:/registry.npm.taobao.org'
22 silly fetchPackageMetaData     at Error (native)
22 silly fetchPackageMetaData   errno: -2,
22 silly fetchPackageMetaData   code: 'ENOENT',
22 silly fetchPackageMetaData   syscall: 'open',
22 silly fetchPackageMetaData   path: '/Users/willas/Src/toy/gws/app/pac/–registry=https:/registry.npm.taobao.org' }
23 verbose request uri https://registry.npm.taobao.org/cnpm
24 verbose request no auth needed
25 info attempt registry request try #1 at 2:09:46 PM
26 verbose request id 9ba7b95f8c0a614c
27 verbose etag "24156-ET854ObxqMjaCNvHpmdPnw"
28 http request GET https://registry.npm.taobao.org/cnpm
29 info retry will retry, error on last attempt: Error: tunneling socket could not be established, cause=connect EHOSTUNREACH 0.0.31.182:80 - Local (192.168.10.65:51182)
30 info attempt registry request try #2 at 2:09:56 PM
31 verbose etag "24156-ET854ObxqMjaCNvHpmdPnw"
32 http request GET https://registry.npm.taobao.org/cnpm
33 info retry will retry, error on last attempt: Error: tunneling socket could not be established, cause=connect EHOSTUNREACH 0.0.31.182:80 - Local (192.168.10.65:51223)
34 info attempt registry request try #3 at 2:10:56 PM
35 verbose etag "24156-ET854ObxqMjaCNvHpmdPnw"
36 http request GET https://registry.npm.taobao.org/cnpm
37 silly get cb [ 304, undefined ]
38 verbose etag https://registry.npm.taobao.org/cnpm from cache
39 verbose get saving cnpm to /Users/willas/.npm/registry.npm.taobao.org/cnpm/.cache.json
40 verbose correctMkdir /Users/willas/.npm correctMkdir not in flight; initializing
41 silly rollbackFailedOptional Starting
42 silly rollbackFailedOptional Finishing
43 silly runTopLevelLifecycles Starting
44 silly runTopLevelLifecycles Finishing
45 silly install printInstalled
46 verbose stack Error: ENOENT: no such file or directory, open '/Users/willas/Src/toy/gws/app/pac/–registry=https:/registry.npm.taobao.org'
46 verbose stack     at Error (native)
47 verbose cwd /Users/willas/Src/toy/gws/app/pac
48 error Darwin 15.6.0
49 error argv "/usr/local/Cellar/node/6.2.1/bin/node" "/usr/local/bin/npm" "install" "-g" "cnpm" "–registry=https://registry.npm.taobao.org"
50 error node v6.2.1
51 error npm  v3.9.3
52 error path /Users/willas/Src/toy/gws/app/pac/–registry=https:/registry.npm.taobao.org
53 error code ENOENT
54 error errno -2
55 error syscall open
56 error enoent ENOENT: no such file or directory, open '/Users/willas/Src/toy/gws/app/pac/–registry=https:/registry.npm.taobao.org'
57 error enoent ENOENT: no such file or directory, open '/Users/willas/Src/toy/gws/app/pac/–registry=https:/registry.npm.taobao.org'
57 error enoent This is most likely not a problem with npm itself
57 error enoent and is related to npm not being able to find a file.
58 verbose exit [ -2, true ]
