2018-05-31 19:15:30,988 CRIT Set uid to user 501
2018-05-31 19:15:31,308 INFO RPC interface 'supervisor' initialized
2018-05-31 19:15:31,309 INFO daemonizing the supervisord process
2018-05-31 19:15:31,310 CRIT could not write pidfile /var/supervisord/supervisord.pid
2018-05-31 19:15:32,314 INFO spawned: 'ssh-nginx' with pid 83361
2018-05-31 19:15:32,317 INFO spawned: 'ssh-aws_03' with pid 83362
2018-05-31 19:15:32,319 INFO spawned: 'ssh-aws_02' with pid 83363
2018-05-31 19:15:32,322 INFO spawned: 'ssh-aws_01' with pid 83364
2018-05-31 19:15:32,324 INFO spawned: 'ssh-aws_00' with pid 83365
2018-05-31 19:15:32,327 INFO spawned: 'ssh-aws_07' with pid 83366
2018-05-31 19:15:32,329 INFO spawned: 'ssh-aws_06' with pid 83369
2018-05-31 19:15:32,333 INFO spawned: 'ssh-aws_05' with pid 83373
2018-05-31 19:15:32,337 INFO spawned: 'ssh-aws_04' with pid 83378
2018-05-31 19:15:32,341 INFO spawned: 'ssh-aws_09' with pid 83382
2018-05-31 19:15:32,344 INFO spawned: 'ssh-aws_08' with pid 83386
2018-05-31 19:15:32,355 INFO success: ssh-nginx entered RUNNING state, process has stayed up for > than 0 seconds (startsecs)
2018-05-31 19:15:32,355 INFO exited: ssh-nginx (exit status 0; expected)
2018-05-31 19:15:33,357 INFO success: ssh-aws_03 entered RUNNING state, process has stayed up for > than 1 seconds (startsecs)
2018-05-31 19:15:33,358 INFO success: ssh-aws_02 entered RUNNING state, process has stayed up for > than 1 seconds (startsecs)
2018-05-31 19:15:33,358 INFO success: ssh-aws_01 entered RUNNING state, process has stayed up for > than 1 seconds (startsecs)
2018-05-31 19:15:33,358 INFO success: ssh-aws_00 entered RUNNING state, process has stayed up for > than 1 seconds (startsecs)
2018-05-31 19:15:33,358 INFO success: ssh-aws_07 entered RUNNING state, process has stayed up for > than 1 seconds (startsecs)
2018-05-31 19:15:33,358 INFO success: ssh-aws_06 entered RUNNING state, process has stayed up for > than 1 seconds (startsecs)
2018-05-31 19:15:33,358 INFO success: ssh-aws_05 entered RUNNING state, process has stayed up for > than 1 seconds (startsecs)
2018-05-31 19:15:33,359 INFO success: ssh-aws_04 entered RUNNING state, process has stayed up for > than 1 seconds (startsecs)
2018-05-31 19:15:33,359 INFO success: ssh-aws_09 entered RUNNING state, process has stayed up for > than 1 seconds (startsecs)
2018-05-31 19:15:33,359 INFO success: ssh-aws_08 entered RUNNING state, process has stayed up for > than 1 seconds (startsecs)
